INFO:root:Tried to load CFG
INFO:root:Tried to load CFG
CRITICAL:minicbircbot.bot.TwitterBot:TwitterAPI: EXCEPTION: Missing authentication parameter.
INFO:minicbircbot.packages.irc.ircclient:Connected Successfully!
INFO:minicbircbot.packages.irc.ircclient:Auth Sent
INFO:minicbircbot:Desconnecting Socket
WARNING:minicbircbot.packages.irc.ircclient:AutoResponse has not destroyModule(). ignoring. Please see the log
WARNING:minicbircbot.packages.irc.ircclient:PvtConsole has not destroyModule(). ignoring. Please see the log
WARNING:minicbircbot.packages.irc.ircclient:TwitterBot has not destroyModule(). ignoring. Please see the log
INFO:minicbircbot.packages.irc.ircclient:Socket Closed With Success!
INFO:minicbircbot:Successfully Closed
INFO:root:Tried to load CFG
CRITICAL:minicbircbot.bot.TwitterBot:TwitterAPI: EXCEPTION: Missing authentication parameter.
INFO:minicbircbot.packages.irc.ircclient:Connected Successfully!
INFO:minicbircbot.packages.irc.ircclient:Auth Sent
INFO:minicbircbot:Desconnecting Socket
WARNING:minicbircbot.packages.irc.ircclient:AutoResponse has not destroyModule(). ignoring. Please see the log
WARNING:minicbircbot.packages.irc.ircclient:PvtConsole has not destroyModule(). ignoring. Please see the log
WARNING:minicbircbot.packages.irc.ircclient:TwitterBot has not destroyModule(). ignoring. Please see the log
INFO:minicbircbot.packages.irc.ircclient:Socket Closed With Success!
INFO:minicbircbot:Successfully Closed
INFO:root:Tried to load CFG
CRITICAL:minicbircbot.bot.TwitterBot:TwitterAPI: EXCEPTION: Missing authentication parameter.
INFO:root:Tried to load CFG
CRITICAL:minicbircbot.bot.TwitterBot:TwitterAPI: EXCEPTION: Missing authentication parameter.
INFO:minicbircbot.packages.irc.ircclient:Connected Successfully!
INFO:minicbircbot.packages.irc.ircclient:Auth Sent
INFO:minicbircbot:Desconnecting Socket
WARNING:minicbircbot.packages.irc.ircclient:AutoResponse has not destroyModule(). ignoring. Please see the log
WARNING:minicbircbot.packages.irc.ircclient:PvtConsole has not destroyModule(). ignoring. Please see the log
WARNING:minicbircbot.packages.irc.ircclient:TwitterBot has not destroyModule(). ignoring. Please see the log
INFO:minicbircbot.packages.irc.ircclient:Socket Closed With Success!
INFO:minicbircbot:Successfully Closed
INFO:root:Tried to load CFG
CRITICAL:minicbircbot.bot.TwitterBot:TwitterAPI: EXCEPTION: Missing authentication parameter.
INFO:minicbircbot.packages.irc.ircclient:Connected Successfully!
INFO:minicbircbot.packages.irc.ircclient:Auth Sent
INFO:minicbircbot:Desconnecting Socket
WARNING:minicbircbot.packages.irc.ircclient:AutoResponse has not destroyModule(). ignoring. Please see the log
WARNING:minicbircbot.packages.irc.ircclient:PvtConsole has not destroyModule(). ignoring. Please see the log
WARNING:minicbircbot.packages.irc.ircclient:TwitterBot has not destroyModule(). ignoring. Please see the log
INFO:minicbircbot.packages.irc.ircclient:Socket Closed With Success!
INFO:minicbircbot:Successfully Closed
INFO:root:Tried to load CFG
CRITICAL:minicbircbot.bot.TwitterBot:TwitterAPI: EXCEPTION: Missing authentication parameter.
INFO:root:Tried to load CFG
CRITICAL:minicbircbot.bot.TwitterBot:TwitterAPI: EXCEPTION: Missing authentication parameter.
INFO:root:Tried to load CFG
CRITICAL:minicbircbot.bot.TwitterBot:TwitterAPI: EXCEPTION: Missing authentication parameter.
INFO:root:Tried to load CFG
CRITICAL:minicbircbot.bot.TwitterBot:TwitterAPI: EXCEPTION: Missing authentication parameter.
INFO:minicbircbot.packages.irc.ircclient:Connected Successfully!
INFO:minicbircbot.packages.irc.ircclient:Auth Sent
INFO:minicbircbot:Desconnecting Socket
WARNING:minicbircbot.packages.irc.ircclient:AutoResponse has not destroyModule(). ignoring. Please see the log
WARNING:minicbircbot.packages.irc.ircclient:PvtConsole has not destroyModule(). ignoring. Please see the log
WARNING:minicbircbot.packages.irc.ircclient:TwitterBot has not destroyModule(). ignoring. Please see the log
INFO:minicbircbot.packages.irc.ircclient:Socket Closed With Success!
INFO:minicbircbot:Successfully Closed
INFO:root:Tried to load CFG
CRITICAL:minicbircbot.bot.TwitterBot:TwitterAPI: EXCEPTION: Missing authentication parameter.
INFO:minicbircbot.packages.irc.ircclient:Connected Successfully!
INFO:minicbircbot.packages.irc.ircclient:Auth Sent
INFO:minicbircbot:Desconnecting Socket
WARNING:minicbircbot.packages.irc.ircclient:AutoResponse has not destroyModule(). ignoring. Please see the log
WARNING:minicbircbot.packages.irc.ircclient:PvtConsole has not destroyModule(). ignoring. Please see the log
WARNING:minicbircbot.packages.irc.ircclient:TwitterBot has not destroyModule(). ignoring. Please see the log
INFO:minicbircbot.packages.irc.ircclient:Socket Closed With Success!
INFO:minicbircbot:Successfully Closed
INFO:root:Tried to load CFG
CRITICAL:minicbircbot.bot.TwitterBot:TwitterAPI: EXCEPTION: Missing authentication parameter.
INFO:minicbircbot.packages.irc.ircclient:Connected Successfully!
INFO:minicbircbot.packages.irc.ircclient:Auth Sent
INFO:minicbircbot:Desconnecting Socket
WARNING:minicbircbot.packages.irc.ircclient:AutoResponse has not destroyModule(). ignoring. Please see the log
WARNING:minicbircbot.packages.irc.ircclient:PvtConsole has not destroyModule(). ignoring. Please see the log
WARNING:minicbircbot.packages.irc.ircclient:TwitterBot has not destroyModule(). ignoring. Please see the log
INFO:minicbircbot.packages.irc.ircclient:Socket Closed With Success!
INFO:minicbircbot:Successfully Closed
